<?xml version="1.0" encoding="UTF-8"?>
<!-- Generated by org.testng.reporters.JUnitReportReporter -->
<testsuite hostname="sujit" failures="0" tests="1" name="session20.SerializationAndDeserialization" time="2.241" errors="0" timestamp="2023-04-09T12:43:02 IST" skipped="0">
  <testcase classname="session20.SerializationAndDeserialization" name="CreatJSONObjectFromEmployeeClassObject" time="2.241"/>
  <system-out/>
</testsuite> <!-- session20.SerializationAndDeserialization -->
