<?xml version="1.0" encoding="UTF-8"?>
<!-- Generated by org.testng.reporters.JUnitReportReporter -->
<testsuite hostname="sujit" failures="0" tests="1" name="day6.xmlSchemaValidation" time="2.615" errors="0" timestamp="2023-04-16T14:22:20 IST" skipped="0">
  <testcase classname="day6.xmlSchemaValidation" name="XMLSchemaValidation" time="2.615"/>
  <system-out/>
</testsuite> <!-- day6.xmlSchemaValidation -->
