<?xml version="1.0" encoding="UTF-8"?>
<!-- Generated by org.testng.reporters.JUnitReportReporter -->
<testsuite hostname="sujit" failures="0" tests="1" name="restassuredPractice.Test_DeleteMethod" time="2.772" errors="0" timestamp="2023-03-01T15:42:06 IST" skipped="0">
  <testcase classname="restassuredPractice.Test_DeleteMethod" name="test06" time="2.772"/>
  <system-out/>
</testsuite> <!-- restassuredPractice.Test_DeleteMethod -->
