<?xml version="1.0" encoding="UTF-8"?>
<!-- Generated by org.testng.reporters.JUnitReportReporter -->
<testsuite hostname="sujit" failures="0" tests="3" name="responseValidation.CheckForValidResponse" time="5.543" errors="0" timestamp="2023-03-12T15:47:33 IST" skipped="2">
  <testcase classname="responseValidation.CheckForValidResponse" name="getSingleuser_BDDStyle" time="5.543"/>
  <system-out/>
  <testcase classname="responseValidation.CheckForValidResponse" name="getSingleuser">
    <skipped/>
  </testcase> <!-- getSingleuser -->
  <system-out/>
  <testcase classname="responseValidation.CheckForValidResponse" name="getSingleuserUsingValidatableResponse">
    <skipped/>
  </testcase> <!-- getSingleuserUsingValidatableResponse -->
  <system-out/>
</testsuite> <!-- responseValidation.CheckForValidResponse -->
