<?xml version="1.0" encoding="UTF-8"?>
<!-- Generated by org.testng.reporters.JUnitReportReporter -->
<testsuite hostname="sujit" failures="0" tests="1" name="session12.DeSerializationDemo" time="4.499" errors="0" timestamp="2023-04-12T15:54:37 IST" skipped="0">
  <testcase classname="session12.DeSerializationDemo" name="createUser" time="4.499"/>
  <system-out/>
</testsuite> <!-- session12.DeSerializationDemo -->
