<?xml version="1.0" encoding="UTF-8"?>
<!-- Generated by org.testng.reporters.JUnitReportReporter -->
<testsuite hostname="sujit" failures="0" tests="1" name="session16.JSONArrayDemo" time="4.114" errors="0" timestamp="2023-03-27T19:38:47 IST" skipped="0">
  <testcase classname="session16.JSONArrayDemo" name="createJSONArrayUsingList" time="4.114"/>
  <system-out/>
</testsuite> <!-- session16.JSONArrayDemo -->
