<?xml version="1.0" encoding="UTF-8"?>
<!-- Generated by org.testng.reporters.JUnitReportReporter -->
<testsuite hostname="sujit" failures="0" tests="2" name="session8.Authorization" time="4.915" errors="0" timestamp="2023-03-14T19:57:52 IST" skipped="0">
  <testcase classname="session8.Authorization" name="DigestAuth" time="1.137"/>
  <system-out/>
  <testcase classname="session8.Authorization" name="BasicAuth" time="3.778"/>
  <system-out/>
</testsuite> <!-- session8.Authorization -->
