<?xml version="1.0" encoding="UTF-8"?>
<!-- Generated by org.testng.reporters.JUnitReportReporter -->
<testsuite hostname="sujit" failures="0" tests="1" name="session18.FileUploadDemo" time="4.103" errors="0" timestamp="2023-04-09T10:23:54 IST" skipped="0">
  <testcase classname="session18.FileUploadDemo" name="uploadImage" time="4.103"/>
  <system-out/>
</testsuite> <!-- session18.FileUploadDemo -->
