<?xml version="1.0" encoding="UTF-8"?>
<!-- Generated by org.testng.reporters.JUnitReportReporter -->
<testsuite hostname="sujit" failures="0" tests="1" name="restassuredPractice.Test_PatchMethod" time="3.116" errors="0" timestamp="2023-03-01T15:35:36 IST" skipped="0">
  <testcase classname="restassuredPractice.Test_PatchMethod" name="test05" time="3.116"/>
  <system-out/>
</testsuite> <!-- restassuredPractice.Test_PatchMethod -->
