<?xml version="1.0" encoding="UTF-8"?>
<!-- Generated by org.testng.reporters.JUnitReportReporter -->
<testsuite hostname="sujit" failures="0" tests="1" name="session5.ValidateResponseHeader" time="1.658" errors="0" timestamp="2023-03-12T17:16:09 IST" skipped="0">
  <testcase classname="session5.ValidateResponseHeader" name="GetSingleUser" time="1.658"/>
  <system-out/>
</testsuite> <!-- session5.ValidateResponseHeader -->
