<?xml version="1.0" encoding="UTF-8"?>
<!-- Generated by org.testng.reporters.JUnitReportReporter -->
<testsuite hostname="sujit" failures="0" tests="1" name="restassuredPractice.Test_PutMethod" time="3.046" errors="0" timestamp="2023-03-01T15:32:13 IST" skipped="0">
  <testcase classname="restassuredPractice.Test_PutMethod" name="test04" time="3.046"/>
  <system-out/>
</testsuite> <!-- restassuredPractice.Test_PutMethod -->
