<?xml version="1.0" encoding="UTF-8"?>
<!-- Generated by org.testng.reporters.JUnitReportReporter -->
<testsuite hostname="sujit" failures="0" tests="2" name="session29.DemoResponseSpec" time="5.771" errors="0" timestamp="2023-04-12T11:00:38 IST" skipped="0">
  <testcase classname="session29.DemoResponseSpec" name="getBookingByFirstName" time="1.268"/>
  <system-out/>
  <testcase classname="session29.DemoResponseSpec" name="getAllBookingIds" time="4.503"/>
  <system-out/>
</testsuite> <!-- session29.DemoResponseSpec -->
