<?xml version="1.0" encoding="UTF-8"?>
<!-- Generated by org.testng.reporters.JUnitReportReporter -->
<testsuite hostname="sujit" failures="0" tests="2" name="session11.Auth2" time="4.634" errors="0" timestamp="2023-04-09T13:59:28 IST" skipped="0">
  <testcase classname="session11.Auth2" name="getInvoice" time="0.976"/>
  <system-out/>
  <testcase classname="session11.Auth2" name="getAccessToken" time="3.658"/>
  <system-out/>
</testsuite> <!-- session11.Auth2 -->
