<?xml version="1.0" encoding="UTF-8"?>
<!-- Generated by org.testng.reporters.JUnitReportReporter -->
<testsuite hostname="sujit" failures="0" tests="1" name="session15.JsonObjectUsingMap" time="3.937" errors="0" timestamp="2023-03-27T13:10:50 IST" skipped="0">
  <testcase classname="session15.JsonObjectUsingMap" name="createAuth" time="3.937"/>
  <system-out/>
</testsuite> <!-- session15.JsonObjectUsingMap -->
