<?xml version="1.0" encoding="UTF-8"?>
<!-- Generated by org.testng.reporters.JUnitReportReporter -->
<testsuite hostname="sujit" failures="0" tests="1" name="day8.deleteUser" time="1.077" errors="0" timestamp="2023-03-25T15:47:30 IST" skipped="0">
  <testcase classname="day8.deleteUser" name="test_deleteUser" time="1.077"/>
  <system-out/>
</testsuite> <!-- day8.deleteUser -->
