<?xml version="1.0" encoding="UTF-8"?>
<!-- Generated by org.testng.reporters.JUnitReportReporter -->
<testsuite hostname="sujit" failures="0" tests="1" name="day7.Authentications" time="3.040" errors="0" timestamp="2023-04-06T19:40:30 IST" skipped="0">
  <testcase classname="day7.Authentications" name="testApiKeyAuthentication" time="3.040"/>
  <system-out/>
</testsuite> <!-- day7.Authentications -->
