<?xml version="1.0" encoding="UTF-8"?>
<!-- Generated by org.testng.reporters.JUnitReportReporter -->
<testsuite hostname="sujit" failures="0" tests="1" name="restassuredPractice.FirstGetRequest" time="1.967" errors="0" timestamp="2023-03-01T12:49:35 IST" skipped="0">
  <testcase classname="restassuredPractice.FirstGetRequest" name="testCase01" time="1.967"/>
  <system-out/>
</testsuite> <!-- restassuredPractice.FirstGetRequest -->
