<?xml version="1.0" encoding="UTF-8"?>
<!-- Generated by org.testng.reporters.JUnitReportReporter -->
<testsuite hostname="sujit" failures="0" tests="1" name="session23.DemoComplexNestedJSONObject" time="2.571" errors="0" timestamp="2023-04-22T12:18:28 IST" skipped="0">
  <testcase classname="session23.DemoComplexNestedJSONObject" name="createUser" time="2.571"/>
  <system-out/>
</testsuite> <!-- session23.DemoComplexNestedJSONObject -->
