<?xml version="1.0" encoding="UTF-8"?>
<!-- Generated by org.testng.reporters.JUnitReportReporter -->
<testsuite hostname="sujit" failures="0" tests="1" name="day1.HTTPRequests" time="4.682" errors="0" timestamp="2023-03-18T13:11:02 IST" skipped="0">
  <testcase classname="day1.HTTPRequests" name="singleUser" time="4.682"/>
  <system-out/>
</testsuite> <!-- day1.HTTPRequests -->
