<?xml version="1.0" encoding="UTF-8"?>
<!-- Generated by org.testng.reporters.JUnitReportReporter -->
<testsuite hostname="sujit" failures="0" tests="3" name="day5.xmlParsingResponse" time="5.965" errors="0" timestamp="2023-04-16T10:47:48 IST" skipped="0">
  <testcase classname="day5.xmlParsingResponse" name="testXMLResponse1" time="5.569"/>
  <system-out/>
  <testcase classname="day5.xmlParsingResponse" name="testXMLResponseBody" time="0.186"/>
  <system-out/>
  <testcase classname="day5.xmlParsingResponse" name="testXMLResponse2" time="0.210"/>
  <system-out/>
</testsuite> <!-- day5.xmlParsingResponse -->
