<?xml version="1.0" encoding="UTF-8"?>
<!-- Generated by org.testng.reporters.JUnitReportReporter -->
<testsuite hostname="sujit" failures="0" tests="1" name="studentAPIChaining.getStudent" time="0.114" errors="0" timestamp="2023-04-09T11:24:17 IST" skipped="0">
  <testcase classname="studentAPIChaining.getStudent" name="test_getuser" time="0.114"/>
  <system-out/>
</testsuite> <!-- studentAPIChaining.getStudent -->
