<?xml version="1.0" encoding="UTF-8"?>
<!-- Generated by org.testng.reporters.JUnitReportReporter -->
<testsuite hostname="sujit" failures="0" tests="1" name="session22.DemoNestedJSON" time="5.354" errors="0" timestamp="2023-04-22T14:41:48 IST" skipped="0">
  <testcase classname="session22.DemoNestedJSON" name="createUser" time="5.354"/>
  <system-out/>
</testsuite> <!-- session22.DemoNestedJSON -->
