<?xml version="1.0" encoding="UTF-8"?>
<!-- Generated by org.testng.reporters.JUnitReportReporter -->
<testsuite hostname="sujit" failures="0" tests="1" name="session17.JSONObjectUsingJacksonAPI" time="0.393" errors="0" timestamp="2023-04-23T11:40:03 IST" skipped="0">
  <testcase classname="session17.JSONObjectUsingJacksonAPI" name="creatUser" time="0.393"/>
  <system-out/>
</testsuite> <!-- session17.JSONObjectUsingJacksonAPI -->
