<?xml version="1.0" encoding="UTF-8"?>
<!-- Generated by org.testng.reporters.JUnitReportReporter -->
<testsuite hostname="sujit" failures="0" tests="1" name="studentAPIChaining.createStudent" time="2.704" errors="0" timestamp="2023-04-09T11:24:17 IST" skipped="0">
  <testcase classname="studentAPIChaining.createStudent" name="create" time="2.704"/>
  <system-out/>
</testsuite> <!-- studentAPIChaining.createStudent -->
