<?xml version="1.0" encoding="UTF-8"?>
<!-- Generated by org.testng.reporters.JUnitReportReporter -->
<testsuite hostname="sujit" failures="0" tests="2" name="session29.DemoReqestSpec" time="3.218" errors="0" timestamp="2023-04-29T12:37:56 IST" skipped="0">
  <testcase classname="session29.DemoReqestSpec" name="createUserUsingPOJO" time="0.584"/>
  <system-out/>
  <testcase classname="session29.DemoReqestSpec" name="createUser" time="2.634"/>
  <system-out/>
</testsuite> <!-- session29.DemoReqestSpec -->
