<?xml version="1.0" encoding="UTF-8"?>
<!-- Generated by org.testng.reporters.JUnitReportReporter -->
<testsuite hostname="sujit" failures="0" tests="1" name="restassuredPractice.Test_PostMethod" time="4.645" errors="0" timestamp="2023-03-18T12:15:11 IST" skipped="0">
  <testcase classname="restassuredPractice.Test_PostMethod" name="test03" time="4.645"/>
  <system-out/>
</testsuite> <!-- restassuredPractice.Test_PostMethod -->
