<?xml version="1.0" encoding="UTF-8"?>
<!-- Generated by org.testng.reporters.JUnitReportReporter -->
<testsuite hostname="DESKTOP-R5LJKK6" failures="0" tests="1" name="day2.WaysToCreatePostRequestBody" time="2.259" errors="0" timestamp="2023-01-22T18:03:56 IST" skipped="0">
  <testcase classname="day2.WaysToCreatePostRequestBody" name="testPostusingExternalJsonFile" time="2.259"/>
  <system-out/>
</testsuite> <!-- day2.WaysToCreatePostRequestBody -->
