<?xml version="1.0" encoding="UTF-8"?>
<!-- Generated by org.testng.reporters.JUnitReportReporter -->
<testsuite hostname="sujit" failures="0" tests="1" name="createStudent.httpRequest$httpRequest2" time="1.812" errors="0" timestamp="2023-04-08T12:33:22 IST" skipped="0">
  <testcase classname="createStudent.httpRequest$httpRequest2" name="createStudent" time="1.812"/>
  <system-out/>
</testsuite> <!-- createStudent.httpRequest$httpRequest2 -->
