<?xml version="1.0" encoding="UTF-8"?>
<!-- Generated by org.testng.reporters.JUnitReportReporter -->
<testsuite hostname="DESKTOP-R5LJKK6" failures="0" tests="3" name="TestNGPractice.BasicTest2" time="0.013" errors="0" timestamp="2023-02-12T15:57:23 IST" skipped="0">
  <testcase classname="TestNGPractice.BasicTest2" name="TestLogin" time="0.009"/>
  <system-out/>
  <testcase classname="TestNGPractice.BasicTest2" name="TestLogin" time="0.003"/>
  <system-out/>
  <testcase classname="TestNGPractice.BasicTest2" name="TestLogin" time="0.001"/>
  <system-out/>
</testsuite> <!-- TestNGPractice.BasicTest2 -->
