<?xml version="1.0" encoding="UTF-8"?>
<!-- Generated by org.testng.reporters.JUnitReportReporter -->
<testsuite hostname="DESKTOP-R5LJKK6" failures="0" tests="4" name="TestNGPractice.BasicTest3" time="0.010" errors="0" timestamp="2023-02-12T16:25:42 IST" skipped="0">
  <testcase classname="TestNGPractice.BasicTest3" name="TestLogin" time="0.002"/>
  <system-out/>
  <testcase classname="TestNGPractice.BasicTest3" name="TestLogin" time="0.001"/>
  <system-out/>
  <testcase classname="TestNGPractice.BasicTest3" name="TestLogin" time="0.002"/>
  <system-out/>
  <testcase classname="TestNGPractice.BasicTest3" name="TestLogin" time="0.005"/>
  <system-out/>
</testsuite> <!-- TestNGPractice.BasicTest3 -->
