<?xml version="1.0" encoding="UTF-8"?>
<!-- Generated by org.testng.reporters.JUnitReportReporter -->
<testsuite hostname="DESKTOP-R5LJKK6" failures="0" tests="1" name="TestNGPractice.FirstTest" time="16.305" errors="0" timestamp="2023-02-06T11:54:17 IST" skipped="0">
  <testcase classname="TestNGPractice.FirstTest" name="TestGoogle" time="16.305"/>
  <system-out/>
</testsuite> <!-- TestNGPractice.FirstTest -->
