<?xml version="1.0" encoding="UTF-8"?>
<!-- Generated by org.testng.reporters.JUnitReportReporter -->
<testsuite hostname="DESKTOP-R5LJKK6" failures="0" tests="4" name="seleniumtestng1.openpage" time="0.010" errors="0" timestamp="2023-01-14T12:32:16 IST" skipped="0">
  <testcase classname="seleniumtestng1.openpage" name="registration" time="0.007"/>
  <system-out/>
  <testcase classname="seleniumtestng1.openpage" name="loginpage" time="0.001"/>
  <system-out/>
  <testcase classname="seleniumtestng1.openpage" name="openurl" time="0.001"/>
  <system-out/>
  <testcase classname="seleniumtestng1.openpage" name="closepage" time="0.001"/>
  <system-out/>
</testsuite> <!-- seleniumtestng1.openpage -->
