<?xml version="1.0" encoding="UTF-8"?>
<!-- Generated by org.testng.reporters.JUnitReportReporter -->
<testsuite hostname="DESKTOP-R5LJKK6" failures="0" tests="1" name="seleniumtestng1.Indeepage" time="4.502" errors="0" timestamp="2023-01-14T12:59:56 IST" skipped="0">
  <testcase classname="seleniumtestng1.Indeepage" name="OpenUrl" time="4.502"/>
  <system-out/>
</testsuite> <!-- seleniumtestng1.Indeepage -->
