<?xml version="1.0" encoding="UTF-8"?>
<!-- Generated by org.testng.reporters.JUnitReportReporter -->
<testsuite hostname="sujit" failures="0" tests="1" name="ReadContentAndWriteToExcel.ReadDataFromExcel" time="0.000" errors="0" timestamp="2023-03-22T14:58:55 IST" skipped="1">
  <testcase classname="ReadContentAndWriteToExcel.ReadDataFromExcel" name="testPinCode" time="0.000">
    <skipped/>
  </testcase> <!-- testPinCode -->
  <system-out/>
</testsuite> <!-- ReadContentAndWriteToExcel.ReadDataFromExcel -->
